Job ID: 
Job started at: 2022-11-03-094753
DIR:/home/alegresor/ai-science-training-series/07_largeScaleTraining/src/ai4sci
┏━━━━━━━━━━━━━━━━━━━━━━━━━━━━━━━━━━━━━━━━━━━━━━━━━━━━━━━━━━━━━━━┓
┃  Job started at: 2022-11-03-094753 on thetagpu18           ┃
┗━━━━━━━━━━━━━━━━━━━━━━━━━━━━━━━━━━━━━━━━━━━━━━━━━━━━━━━━━━━━━━━┛

The following have been reloaded with a version change:
  1) openmpi/openmpi-4.0.5 => openmpi/openmpi-4.1.4_ucx-1.12.1_gcc-9.4.0

Found venv at: /home/alegresor/ai-science-training-series/07_largeScaleTraining/venv/, using that
./main.sh: line 132: /home/alegresor/ai-science-training-series/07_largeScaleTraining/venvs/thetaGPU/2022-07-01/bin/activate: No such file or directory
Defaulting to user installation because normal site-packages is not writeable
Requirement already satisfied: pip in /lus/theta-fs0/software/thetagpu/conda/2022-07-01/mconda3/lib/python3.8/site-packages (22.3)
Defaulting to user installation because normal site-packages is not writeable
Obtaining file:///home/alegresor/ai-science-training-series/07_largeScaleTraining
  Installing build dependencies: started
  Installing build dependencies: finished with status 'done'
  Checking if build backend supports build_editable: started
  Checking if build backend supports build_editable: finished with status 'done'
  Getting requirements to build editable: started
  Getting requirements to build editable: finished with status 'done'
  Preparing editable metadata (pyproject.toml): started
  Preparing editable metadata (pyproject.toml): finished with status 'done'
Building wheels for collected packages: ai4sci
  Building editable for ai4sci (pyproject.toml): started
  Building editable for ai4sci (pyproject.toml): finished with status 'done'
  Created wheel for ai4sci: filename=ai4sci-0.0.0-0.editable-py3-none-any.whl size=1169 sha256=b490a7a35c2fc366c705326c10645dd32be7e0fe374ebeea8b0997d5724cb927
  Stored in directory: /tmp/pip-ephem-wheel-cache-f4drsbml/wheels/71/02/5e/5a54da3f2a7edf9d13a45c950b0fabd61c9810f035284854cc
Successfully built ai4sci
Installing collected packages: ai4sci
  Attempting uninstall: ai4sci
    Found existing installation: ai4sci 0.0.0
    Uninstalling ai4sci-0.0.0:
      Successfully uninstalled ai4sci-0.0.0
Successfully installed ai4sci-0.0.0
WIDTH: 
DIR=/home/alegresor/ai-science-training-series/07_largeScaleTraining/src/ai4sci
MAIN=/home/alegresor/ai-science-training-series/07_largeScaleTraining/src/ai4sci/main.py
PARENT=/home/alegresor/ai-science-training-series/07_largeScaleTraining/src
ROOT=/home/alegresor/ai-science-training-series/07_largeScaleTraining
LOGDIR=/home/alegresor/ai-science-training-series/07_largeScaleTraining/src/ai4sci/logs
LOGFILE=/home/alegresor/ai-science-training-series/07_largeScaleTraining/src/ai4sci/logs/2022-11-03-094753-thetagpu18_ngpu8_ncpu256.log
IBV_FORK_SAFE=
──────────────────────────────────────────────────────────────────────────────────────────────────────────────────────────────────────────────────────┏━━━━━━━━━━━━━━━━━━━━━━━━━━━━━━━━━━━━━━━━━━━━━━━━┓
┃  STARTING A NEW RUN ON 8 GPUs 256  ┃
┗━━━━━━━━━━━━━━━━━━━━━━━━━━━━━━━━━━━━━━━━━━━━━━━━┛


──────────────────────────────────────────────────────────────────────────────────────────────────────────────────────────────────────────────────────┃  - DATE: 2022-11-03-094753
┃  - NCPUS: 256
┃  - NRANKS: 1
┃  - NGPUS PER RANK: 8
┃  - NGPUS TOTAL: 8
┃  - MAIN: /home/alegresor/ai-science-training-series/07_largeScaleTraining/src/ai4sci/main.py
┃  - Writing logs to /home/alegresor/ai-science-training-series/07_largeScaleTraining/src/ai4sci/logs/2022-11-03-094753-thetagpu18_ngpu8_ncpu256.log
┃  - python3: /lus/theta-fs0/software/thetagpu/conda/2022-07-01/mconda3/bin/python3
┃  - mpirun: /lus/theta-fs0/software/thetagpu/openmpi/openmpi-4.1.4_ucx-1.12.1_gcc-9.4.0/bin/mpirun
┃  - ai4sci: /home/alegresor/ai-science-training-series/07_largeScaleTraining/src/ai4sci/__init__.py
┃  - exec: /lus/theta-fs0/software/thetagpu/openmpi/openmpi-4.1.4_ucx-1.12.1_gcc-9.4.0/bin/mpirun --verbose     -n 8     --hostfile /var/tmp/cobalt.10112593     -npernode 8     -x PYTHONUSERBASE     -x PYTHONSTARTUP     -x http_proxy     -x https_proxy     -x PATH     -x LD_LIBRARY_PATH /lus/theta-fs0/software/thetagpu/conda/2022-07-01/mconda3/bin/python3 /home/alegresor/ai-science-training-series/07_largeScaleTraining/src/ai4sci/main.py batch_size=512
──────────────────────────────────────────────────────────────────────────────────────────────────────────────────────────────────────────────────────

2022-11-03 09:48:15.090439: W tensorflow/core/grappler/costs/op_level_cost_estimator.cc:690] Error in PredictCost() for the op: op: "CropAndResize" attr { key: "T" value { type: DT_UINT8 } } attr { key: "extrapolation_value" value { f: 0 } } attr { key: "method" value { s: "bilinear" } } inputs { dtype: DT_UINT8 shape { dim { size: 1 } dim { size: -5 } dim { size: -6 } dim { size: 3 } } } inputs { dtype: DT_FLOAT shape { dim { size: -2 } dim { size: 4 } } } inputs { dtype: DT_INT32 shape { dim { size: -2 } } } inputs { dtype: DT_INT32 shape { dim { size: 2 } } } device { type: "CPU" vendor: "AuthenticAMD" model: "241" frequency: 2245 num_cores: 32 environment { key: "cpu_instruction_set" value: "SSE, SSE2, SSE3" } environment { key: "eigen" value: "3.4.90" } l1_cache_size: 32768 l2_cache_size: 524288 l3_cache_size: 268435456 memory_size: 268435456 } outputs { dtype: DT_FLOAT shape { dim { size: -2 } dim { size: -10 } dim { size: -11 } dim { size: 3 } } }
2022-11-03 09:48:15.090432: W tensorflow/core/grappler/costs/op_level_cost_estimator.cc:690] Error in PredictCost() for the op: op: "CropAndResize" attr { key: "T" value { type: DT_UINT8 } } attr { key: "extrapolation_value" value { f: 0 } } attr { key: "method" value { s: "bilinear" } } inputs { dtype: DT_UINT8 shape { dim { size: 1 } dim { size: -5 } dim { size: -6 } dim { size: 3 } } } inputs { dtype: DT_FLOAT shape { dim { size: -2 } dim { size: 4 } } } inputs { dtype: DT_INT32 shape { dim { size: -2 } } } inputs { dtype: DT_INT32 shape { dim { size: 2 } } } device { type: "CPU" vendor: "AuthenticAMD" model: "241" frequency: 2245 num_cores: 32 environment { key: "cpu_instruction_set" value: "SSE, SSE2, SSE3" } environment { key: "eigen" value: "3.4.90" } l1_cache_size: 32768 l2_cache_size: 524288 l3_cache_size: 268435456 memory_size: 268435456 } outputs { dtype: DT_FLOAT shape { dim { size: -2 } dim { size: -10 } dim { size: -11 } dim { size: 3 } } }
2022-11-03 09:48:15.090432: W tensorflow/core/grappler/costs/op_level_cost_estimator.cc:690] Error in PredictCost() for the op: op: "CropAndResize" attr { key: "T" value { type: DT_UINT8 } } attr { key: "extrapolation_value" value { f: 0 } } attr { key: "method" value { s: "bilinear" } } inputs { dtype: DT_UINT8 shape { dim { size: 1 } dim { size: -5 } dim { size: -6 } dim { size: 3 } } } inputs { dtype: DT_FLOAT shape { dim { size: -2 } dim { size: 4 } } } inputs { dtype: DT_INT32 shape { dim { size: -2 } } } inputs { dtype: DT_INT32 shape { dim { size: 2 } } } device { type: "CPU" vendor: "AuthenticAMD" model: "241" frequency: 2245 num_cores: 32 environment { key: "cpu_instruction_set" value: "SSE, SSE2, SSE3" } environment { key: "eigen" value: "3.4.90" } l1_cache_size: 32768 l2_cache_size: 524288 l3_cache_size: 268435456 memory_size: 268435456 } outputs { dtype: DT_FLOAT shape { dim { size: -2 } dim { size: -10 } dim { size: -11 } dim { size: 3 } } }
2022-11-03 09:48:15.090420: W tensorflow/core/grappler/costs/op_level_cost_estimator.cc:690] Error in PredictCost() for the op: op: "CropAndResize" attr { key: "T" value { type: DT_UINT8 } } attr { key: "extrapolation_value" value { f: 0 } } attr { key: "method" value { s: "bilinear" } } inputs { dtype: DT_UINT8 shape { dim { size: 1 } dim { size: -5 } dim { size: -6 } dim { size: 3 } } } inputs { dtype: DT_FLOAT shape { dim { size: -2 } dim { size: 4 } } } inputs { dtype: DT_INT32 shape { dim { size: -2 } } } inputs { dtype: DT_INT32 shape { dim { size: 2 } } } device { type: "CPU" vendor: "AuthenticAMD" model: "241" frequency: 2245 num_cores: 32 environment { key: "cpu_instruction_set" value: "SSE, SSE2, SSE3" } environment { key: "eigen" value: "3.4.90" } l1_cache_size: 32768 l2_cache_size: 524288 l3_cache_size: 268435456 memory_size: 268435456 } outputs { dtype: DT_FLOAT shape { dim { size: -2 } dim { size: -10 } dim { size: -11 } dim { size: 3 } } }
2022-11-03 09:48:15.090438: W tensorflow/core/grappler/costs/op_level_cost_estimator.cc:690] Error in PredictCost() for the op: op: "CropAndResize" attr { key: "T" value { type: DT_UINT8 } } attr { key: "extrapolation_value" value { f: 0 } } attr { key: "method" value { s: "bilinear" } } inputs { dtype: DT_UINT8 shape { dim { size: 1 } dim { size: -5 } dim { size: -6 } dim { size: 3 } } } inputs { dtype: DT_FLOAT shape { dim { size: -2 } dim { size: 4 } } } inputs { dtype: DT_INT32 shape { dim { size: -2 } } } inputs { dtype: DT_INT32 shape { dim { size: 2 } } } device { type: "CPU" vendor: "AuthenticAMD" model: "241" frequency: 2245 num_cores: 32 environment { key: "cpu_instruction_set" value: "SSE, SSE2, SSE3" } environment { key: "eigen" value: "3.4.90" } l1_cache_size: 32768 l2_cache_size: 524288 l3_cache_size: 268435456 memory_size: 268435456 } outputs { dtype: DT_FLOAT shape { dim { size: -2 } dim { size: -10 } dim { size: -11 } dim { size: 3 } } }
2022-11-03 09:48:15.090429: W tensorflow/core/grappler/costs/op_level_cost_estimator.cc:690] Error in PredictCost() for the op: op: "CropAndResize" attr { key: "T" value { type: DT_UINT8 } } attr { key: "extrapolation_value" value { f: 0 } } attr { key: "method" value { s: "bilinear" } } inputs { dtype: DT_UINT8 shape { dim { size: 1 } dim { size: -5 } dim { size: -6 } dim { size: 3 } } } inputs { dtype: DT_FLOAT shape { dim { size: -2 } dim { size: 4 } } } inputs { dtype: DT_INT32 shape { dim { size: -2 } } } inputs { dtype: DT_INT32 shape { dim { size: 2 } } } device { type: "CPU" vendor: "AuthenticAMD" model: "241" frequency: 2245 num_cores: 32 environment { key: "cpu_instruction_set" value: "SSE, SSE2, SSE3" } environment { key: "eigen" value: "3.4.90" } l1_cache_size: 32768 l2_cache_size: 524288 l3_cache_size: 268435456 memory_size: 268435456 } outputs { dtype: DT_FLOAT shape { dim { size: -2 } dim { size: -10 } dim { size: -11 } dim { size: 3 } } }
2022-11-03 09:48:15.090421: W tensorflow/core/grappler/costs/op_level_cost_estimator.cc:690] Error in PredictCost() for the op: op: "CropAndResize" attr { key: "T" value { type: DT_UINT8 } } attr { key: "extrapolation_value" value { f: 0 } } attr { key: "method" value { s: "bilinear" } } inputs { dtype: DT_UINT8 shape { dim { size: 1 } dim { size: -5 } dim { size: -6 } dim { size: 3 } } } inputs { dtype: DT_FLOAT shape { dim { size: -2 } dim { size: 4 } } } inputs { dtype: DT_INT32 shape { dim { size: -2 } } } inputs { dtype: DT_INT32 shape { dim { size: 2 } } } device { type: "CPU" vendor: "AuthenticAMD" model: "241" frequency: 2245 num_cores: 32 environment { key: "cpu_instruction_set" value: "SSE, SSE2, SSE3" } environment { key: "eigen" value: "3.4.90" } l1_cache_size: 32768 l2_cache_size: 524288 l3_cache_size: 268435456 memory_size: 268435456 } outputs { dtype: DT_FLOAT shape { dim { size: -2 } dim { size: -10 } dim { size: -11 } dim { size: 3 } } }
2022-11-03 09:48:15.090442: W tensorflow/core/grappler/costs/op_level_cost_estimator.cc:690] Error in PredictCost() for the op: op: "CropAndResize" attr { key: "T" value { type: DT_UINT8 } } attr { key: "extrapolation_value" value { f: 0 } } attr { key: "method" value { s: "bilinear" } } inputs { dtype: DT_UINT8 shape { dim { size: 1 } dim { size: -5 } dim { size: -6 } dim { size: 3 } } } inputs { dtype: DT_FLOAT shape { dim { size: -2 } dim { size: 4 } } } inputs { dtype: DT_INT32 shape { dim { size: -2 } } } inputs { dtype: DT_INT32 shape { dim { size: 2 } } } device { type: "CPU" vendor: "AuthenticAMD" model: "241" frequency: 2245 num_cores: 32 environment { key: "cpu_instruction_set" value: "SSE, SSE2, SSE3" } environment { key: "eigen" value: "3.4.90" } l1_cache_size: 32768 l2_cache_size: 524288 l3_cache_size: 268435456 memory_size: 268435456 } outputs { dtype: DT_FLOAT shape { dim { size: -2 } dim { size: -10 } dim { size: -11 } dim { size: 3 } } }
2022-11-03 09:53:32.403835: W tensorflow/core/grappler/costs/op_level_cost_estimator.cc:690] Error in PredictCost() for the op: op: "CropAndResize" attr { key: "T" value { type: DT_UINT8 } } attr { key: "extrapolation_value" value { f: 0 } } attr { key: "method" value { s: "bilinear" } } inputs { dtype: DT_UINT8 shape { dim { size: 1 } dim { size: -5 } dim { size: -6 } dim { size: 3 } } } inputs { dtype: DT_FLOAT shape { dim { size: -2 } dim { size: 4 } } } inputs { dtype: DT_INT32 shape { dim { size: -2 } } } inputs { dtype: DT_INT32 shape { dim { size: 2 } } } device { type: "CPU" vendor: "AuthenticAMD" model: "241" frequency: 2245 num_cores: 32 environment { key: "cpu_instruction_set" value: "SSE, SSE2, SSE3" } environment { key: "eigen" value: "3.4.90" } l1_cache_size: 32768 l2_cache_size: 524288 l3_cache_size: 268435456 memory_size: 268435456 } outputs { dtype: DT_FLOAT shape { dim { size: -2 } dim { size: -10 } dim { size: -11 } dim { size: 3 } } }
